Analysis & Synthesis report for proj_final
Tue Jun 26 14:32:26 2018
Quartus II 64-Bit Version 14.1.0 Build 186 12/03/2014 SJ Web Edition


---------------------
; Table of Contents ;
---------------------
  1. Legal Notice
  2. Analysis & Synthesis Summary
  3. Analysis & Synthesis Settings
  4. Parallel Compilation
  5. Analysis & Synthesis Source Files Read
  6. Analysis & Synthesis Resource Usage Summary
  7. Analysis & Synthesis Resource Utilization by Entity
  8. General Register Statistics
  9. Post-Synthesis Netlist Statistics for Top Partition
 10. Elapsed Time Per Partition
 11. Analysis & Synthesis Messages



----------------
; Legal Notice ;
----------------
Copyright (C) 1991-2014 Altera Corporation. All rights reserved.
Your use of Altera Corporation's design tools, logic functions 
and other software and tools, and its AMPP partner logic 
functions, and any output files from any of the foregoing 
(including device programming or simulation files), and any 
associated documentation or information are expressly subject 
to the terms and conditions of the Altera Program License 
Subscription Agreement, the Altera Quartus II License Agreement,
the Altera MegaCore Function License Agreement, or other 
applicable license agreement, including, without limitation, 
that your use is for the sole purpose of programming logic 
devices manufactured by Altera and sold by Altera or its 
authorized distributors.  Please refer to the applicable 
agreement for further details.



+---------------------------------------------------------------------------------+
; Analysis & Synthesis Summary                                                    ;
+------------------------------------+--------------------------------------------+
; Analysis & Synthesis Status        ; Successful - Tue Jun 26 14:32:26 2018      ;
; Quartus II 64-Bit Version          ; 14.1.0 Build 186 12/03/2014 SJ Web Edition ;
; Revision Name                      ; proj_final                                 ;
; Top-level Entity Name              ; proj_final                                 ;
; Family                             ; Cyclone IV E                               ;
; Total logic elements               ; 144                                        ;
;     Total combinational functions  ; 144                                        ;
;     Dedicated logic registers      ; 0                                          ;
; Total registers                    ; 0                                          ;
; Total pins                         ; 45                                         ;
; Total virtual pins                 ; 0                                          ;
; Total memory bits                  ; 0                                          ;
; Embedded Multiplier 9-bit elements ; 0                                          ;
; Total PLLs                         ; 0                                          ;
+------------------------------------+--------------------------------------------+


+----------------------------------------------------------------------------------------------------------------------+
; Analysis & Synthesis Settings                                                                                        ;
+----------------------------------------------------------------------------+--------------------+--------------------+
; Option                                                                     ; Setting            ; Default Value      ;
+----------------------------------------------------------------------------+--------------------+--------------------+
; Device                                                                     ; EP4CE115F29C7      ;                    ;
; Top-level entity name                                                      ; proj_final         ; proj_final         ;
; Family name                                                                ; Cyclone IV E       ; Cyclone IV GX      ;
; Use smart compilation                                                      ; Off                ; Off                ;
; Enable parallel Assembler and TimeQuest Timing Analyzer during compilation ; On                 ; On                 ;
; Enable compact report table                                                ; Off                ; Off                ;
; Restructure Multiplexers                                                   ; Auto               ; Auto               ;
; Create Debugging Nodes for IP Cores                                        ; Off                ; Off                ;
; Preserve fewer node names                                                  ; On                 ; On                 ;
; Disable OpenCore Plus hardware evaluation                                  ; Off                ; Off                ;
; Verilog Version                                                            ; Verilog_2001       ; Verilog_2001       ;
; VHDL Version                                                               ; VHDL_1993          ; VHDL_1993          ;
; State Machine Processing                                                   ; Auto               ; Auto               ;
; Safe State Machine                                                         ; Off                ; Off                ;
; Extract Verilog State Machines                                             ; On                 ; On                 ;
; Extract VHDL State Machines                                                ; On                 ; On                 ;
; Ignore Verilog initial constructs                                          ; Off                ; Off                ;
; Iteration limit for constant Verilog loops                                 ; 5000               ; 5000               ;
; Iteration limit for non-constant Verilog loops                             ; 250                ; 250                ;
; Add Pass-Through Logic to Inferred RAMs                                    ; On                 ; On                 ;
; Infer RAMs from Raw Logic                                                  ; On                 ; On                 ;
; Parallel Synthesis                                                         ; On                 ; On                 ;
; DSP Block Balancing                                                        ; Auto               ; Auto               ;
; NOT Gate Push-Back                                                         ; On                 ; On                 ;
; Power-Up Don't Care                                                        ; On                 ; On                 ;
; Remove Redundant Logic Cells                                               ; Off                ; Off                ;
; Remove Duplicate Registers                                                 ; On                 ; On                 ;
; Ignore CARRY Buffers                                                       ; Off                ; Off                ;
; Ignore CASCADE Buffers                                                     ; Off                ; Off                ;
; Ignore GLOBAL Buffers                                                      ; Off                ; Off                ;
; Ignore ROW GLOBAL Buffers                                                  ; Off                ; Off                ;
; Ignore LCELL Buffers                                                       ; Off                ; Off                ;
; Ignore SOFT Buffers                                                        ; On                 ; On                 ;
; Limit AHDL Integers to 32 Bits                                             ; Off                ; Off                ;
; Optimization Technique                                                     ; Balanced           ; Balanced           ;
; Carry Chain Length                                                         ; 70                 ; 70                 ;
; Auto Carry Chains                                                          ; On                 ; On                 ;
; Auto Open-Drain Pins                                                       ; On                 ; On                 ;
; Perform WYSIWYG Primitive Resynthesis                                      ; Off                ; Off                ;
; Auto ROM Replacement                                                       ; On                 ; On                 ;
; Auto RAM Replacement                                                       ; On                 ; On                 ;
; Auto DSP Block Replacement                                                 ; On                 ; On                 ;
; Auto Shift Register Replacement                                            ; Auto               ; Auto               ;
; Allow Shift Register Merging across Hierarchies                            ; Auto               ; Auto               ;
; Auto Clock Enable Replacement                                              ; On                 ; On                 ;
; Strict RAM Replacement                                                     ; Off                ; Off                ;
; Allow Synchronous Control Signals                                          ; On                 ; On                 ;
; Force Use of Synchronous Clear Signals                                     ; Off                ; Off                ;
; Auto RAM Block Balancing                                                   ; On                 ; On                 ;
; Auto RAM to Logic Cell Conversion                                          ; Off                ; Off                ;
; Auto Resource Sharing                                                      ; Off                ; Off                ;
; Allow Any RAM Size For Recognition                                         ; Off                ; Off                ;
; Allow Any ROM Size For Recognition                                         ; Off                ; Off                ;
; Allow Any Shift Register Size For Recognition                              ; Off                ; Off                ;
; Use LogicLock Constraints during Resource Balancing                        ; On                 ; On                 ;
; Ignore translate_off and synthesis_off directives                          ; Off                ; Off                ;
; Timing-Driven Synthesis                                                    ; On                 ; On                 ;
; Report Parameter Settings                                                  ; On                 ; On                 ;
; Report Source Assignments                                                  ; On                 ; On                 ;
; Report Connectivity Checks                                                 ; On                 ; On                 ;
; Ignore Maximum Fan-Out Assignments                                         ; Off                ; Off                ;
; Synchronization Register Chain Length                                      ; 2                  ; 2                  ;
; PowerPlay Power Optimization During Synthesis                              ; Normal compilation ; Normal compilation ;
; HDL message level                                                          ; Level2             ; Level2             ;
; Suppress Register Optimization Related Messages                            ; Off                ; Off                ;
; Number of Removed Registers Reported in Synthesis Report                   ; 5000               ; 5000               ;
; Number of Swept Nodes Reported in Synthesis Report                         ; 5000               ; 5000               ;
; Number of Inverted Registers Reported in Synthesis Report                  ; 100                ; 100                ;
; Clock MUX Protection                                                       ; On                 ; On                 ;
; Auto Gated Clock Conversion                                                ; Off                ; Off                ;
; Block Design Naming                                                        ; Auto               ; Auto               ;
; SDC constraint protection                                                  ; Off                ; Off                ;
; Synthesis Effort                                                           ; Auto               ; Auto               ;
; Shift Register Replacement - Allow Asynchronous Clear Signal               ; On                 ; On                 ;
; Pre-Mapping Resynthesis Optimization                                       ; Off                ; Off                ;
; Analysis & Synthesis Message Level                                         ; Medium             ; Medium             ;
; Disable Register Merging Across Hierarchies                                ; Auto               ; Auto               ;
; Resource Aware Inference For Block RAM                                     ; On                 ; On                 ;
; Synthesis Seed                                                             ; 1                  ; 1                  ;
+----------------------------------------------------------------------------+--------------------+--------------------+


+------------------------------------------+
; Parallel Compilation                     ;
+----------------------------+-------------+
; Processors                 ; Number      ;
+----------------------------+-------------+
; Number detected on machine ; 8           ;
; Maximum allowed            ; 4           ;
;                            ;             ;
; Average used               ; 1.00        ;
; Maximum used               ; 1           ;
;                            ;             ;
; Usage by Processor         ; % Time Used ;
;     Processor 1            ; 100.0%      ;
;     Processors 2-8         ;   0.0%      ;
+----------------------------+-------------+


+---------------------------------------------------------------------------------------------------------------------------------------------+
; Analysis & Synthesis Source Files Read                                                                                                      ;
+----------------------------------+-----------------+------------------------------------------+-----------------------------------+---------+
; File Name with User-Entered Path ; Used in Netlist ; File Type                                ; File Name with Absolute Path      ; Library ;
+----------------------------------+-----------------+------------------------------------------+-----------------------------------+---------+
; 4bit_mult.bdf                    ; yes             ; User Block Diagram/Schematic File        ; E:/Projecto/4bit_mult.bdf         ;         ;
; 8bit_sqrt.bdf                    ; yes             ; User Block Diagram/Schematic File        ; E:/Projecto/8bit_sqrt.bdf         ;         ;
; 1bit_div.bdf                     ; yes             ; User Block Diagram/Schematic File        ; E:/Projecto/1bit_div.bdf          ;         ;
; 4bit_div.bdf                     ; yes             ; User Block Diagram/Schematic File        ; E:/Projecto/4bit_div.bdf          ;         ;
; 5bit_divider.bdf                 ; yes             ; User Block Diagram/Schematic File        ; E:/Projecto/5bit_divider.bdf      ;         ;
; 4bit_mux5.bdf                    ; yes             ; User Block Diagram/Schematic File        ; E:/Projecto/4bit_mux5.bdf         ;         ;
; 4bit_mux.bdf                     ; yes             ; User Block Diagram/Schematic File        ; E:/Projecto/4bit_mux.bdf          ;         ;
; 2bit_mux4.bdf                    ; yes             ; User Block Diagram/Schematic File        ; E:/Projecto/2bit_mux4.bdf         ;         ;
; not5.bdf                         ; yes             ; User Block Diagram/Schematic File        ; E:/Projecto/not5.bdf              ;         ;
; 4bits_to_7seg_low.bdf            ; yes             ; User Block Diagram/Schematic File        ; E:/Projecto/4bits_to_7seg_low.bdf ;         ;
; proj_final.bdf                   ; yes             ; User Block Diagram/Schematic File        ; E:/Projecto/proj_final.bdf        ;         ;
; ula.bdf                          ; yes             ; User Block Diagram/Schematic File        ; E:/Projecto/ula.bdf               ;         ;
; 2complement.bdf                  ; yes             ; User Block Diagram/Schematic File        ; E:/Projecto/2complement.bdf       ;         ;
; 5bit_mut.bdf                     ; yes             ; User Block Diagram/Schematic File        ; E:/Projecto/5bit_mut.bdf          ;         ;
; adder.bdf                        ; yes             ; Auto-Found Block Diagram/Schematic File  ; E:/Projecto/adder.bdf             ;         ;
; somador.bdf                      ; yes             ; Auto-Found Block Diagram/Schematic File  ; E:/Projecto/somador.bdf           ;         ;
; unit_mult.bdf                    ; yes             ; Auto-Found Block Diagram/Schematic File  ; E:/Projecto/unit_mult.bdf         ;         ;
; full_add.bdf                     ; yes             ; Auto-Found Block Diagram/Schematic File  ; E:/Projecto/full_add.bdf          ;         ;
; 1bit_sub.bdf                     ; yes             ; Auto-Found Block Diagram/Schematic File  ; E:/Projecto/1bit_sub.bdf          ;         ;
+----------------------------------+-----------------+------------------------------------------+-----------------------------------+---------+


+-----------------------------------------------------------+
; Analysis & Synthesis Resource Usage Summary               ;
+---------------------------------------------+-------------+
; Resource                                    ; Usage       ;
+---------------------------------------------+-------------+
; Estimated Total logic elements              ; 144         ;
;                                             ;             ;
; Total combinational functions               ; 144         ;
; Logic element usage by number of LUT inputs ;             ;
;     -- 4 input functions                    ; 111         ;
;     -- 3 input functions                    ; 18          ;
;     -- <=2 input functions                  ; 15          ;
;                                             ;             ;
; Logic elements by mode                      ;             ;
;     -- normal mode                          ; 144         ;
;     -- arithmetic mode                      ; 0           ;
;                                             ;             ;
; Total registers                             ; 0           ;
;     -- Dedicated logic registers            ; 0           ;
;     -- I/O registers                        ; 0           ;
;                                             ;             ;
; I/O pins                                    ; 45          ;
;                                             ;             ;
; Embedded Multiplier 9-bit elements          ; 0           ;
;                                             ;             ;
; Maximum fan-out node                        ; SW[0]~input ;
; Maximum fan-out                             ; 33          ;
; Total fan-out                               ; 604         ;
; Average fan-out                             ; 2.58        ;
+---------------------------------------------+-------------+


+---------------------------------------------------------------------------------------------------------------------------------------------------------------------------------------------------------------------------------------------------+
; Analysis & Synthesis Resource Utilization by Entity                                                                                                                                                                                               ;
+--------------------------------+-------------------+--------------+-------------+--------------+---------+-----------+------+--------------+---------------------------------------------------------------------------------------+--------------+
; Compilation Hierarchy Node     ; LC Combinationals ; LC Registers ; Memory Bits ; DSP Elements ; DSP 9x9 ; DSP 18x18 ; Pins ; Virtual Pins ; Full Hierarchy Name                                                                   ; Library Name ;
+--------------------------------+-------------------+--------------+-------------+--------------+---------+-----------+------+--------------+---------------------------------------------------------------------------------------+--------------+
; |proj_final                    ; 144 (0)           ; 0 (0)        ; 0           ; 0            ; 0       ; 0         ; 45   ; 0            ; |proj_final                                                                           ; work         ;
;    |2complement:inst6|         ; 3 (0)             ; 0 (0)        ; 0           ; 0            ; 0       ; 0         ; 0    ; 0            ; |proj_final|2complement:inst6                                                         ; work         ;
;       |2bit_mux4:inst9|        ; 2 (2)             ; 0 (0)        ; 0           ; 0            ; 0       ; 0         ; 0    ; 0            ; |proj_final|2complement:inst6|2bit_mux4:inst9                                         ; work         ;
;       |adder:inst1|            ; 1 (0)             ; 0 (0)        ; 0           ; 0            ; 0       ; 0         ; 0    ; 0            ; |proj_final|2complement:inst6|adder:inst1                                             ; work         ;
;          |somador:inst|        ; 1 (1)             ; 0 (0)        ; 0           ; 0            ; 0       ; 0         ; 0    ; 0            ; |proj_final|2complement:inst6|adder:inst1|somador:inst                                ; work         ;
;    |2complement:inst7|         ; 4 (0)             ; 0 (0)        ; 0           ; 0            ; 0       ; 0         ; 0    ; 0            ; |proj_final|2complement:inst7                                                         ; work         ;
;       |2bit_mux4:inst9|        ; 3 (3)             ; 0 (0)        ; 0           ; 0            ; 0       ; 0         ; 0    ; 0            ; |proj_final|2complement:inst7|2bit_mux4:inst9                                         ; work         ;
;       |adder:inst1|            ; 1 (0)             ; 0 (0)        ; 0           ; 0            ; 0       ; 0         ; 0    ; 0            ; |proj_final|2complement:inst7|adder:inst1                                             ; work         ;
;          |somador:inst|        ; 1 (1)             ; 0 (0)        ; 0           ; 0            ; 0       ; 0         ; 0    ; 0            ; |proj_final|2complement:inst7|adder:inst1|somador:inst                                ; work         ;
;    |2complement:inst9|         ; 7 (0)             ; 0 (0)        ; 0           ; 0            ; 0       ; 0         ; 0    ; 0            ; |proj_final|2complement:inst9                                                         ; work         ;
;       |2bit_mux4:inst9|        ; 6 (6)             ; 0 (0)        ; 0           ; 0            ; 0       ; 0         ; 0    ; 0            ; |proj_final|2complement:inst9|2bit_mux4:inst9                                         ; work         ;
;       |adder:inst1|            ; 1 (0)             ; 0 (0)        ; 0           ; 0            ; 0       ; 0         ; 0    ; 0            ; |proj_final|2complement:inst9|adder:inst1                                             ; work         ;
;          |somador:inst|        ; 1 (1)             ; 0 (0)        ; 0           ; 0            ; 0       ; 0         ; 0    ; 0            ; |proj_final|2complement:inst9|adder:inst1|somador:inst                                ; work         ;
;    |4bits_to_7seg_low:inst10|  ; 7 (7)             ; 0 (0)        ; 0           ; 0            ; 0       ; 0         ; 0    ; 0            ; |proj_final|4bits_to_7seg_low:inst10                                                  ; work         ;
;    |4bits_to_7seg_low:inst11|  ; 7 (7)             ; 0 (0)        ; 0           ; 0            ; 0       ; 0         ; 0    ; 0            ; |proj_final|4bits_to_7seg_low:inst11                                                  ; work         ;
;    |4bits_to_7seg_low:inst12|  ; 7 (7)             ; 0 (0)        ; 0           ; 0            ; 0       ; 0         ; 0    ; 0            ; |proj_final|4bits_to_7seg_low:inst12                                                  ; work         ;
;    |4bits_to_7seg_low:inst|    ; 7 (7)             ; 0 (0)        ; 0           ; 0            ; 0       ; 0         ; 0    ; 0            ; |proj_final|4bits_to_7seg_low:inst                                                    ; work         ;
;    |ula:inst5|                 ; 102 (0)           ; 0 (0)        ; 0           ; 0            ; 0       ; 0         ; 0    ; 0            ; |proj_final|ula:inst5                                                                 ; work         ;
;       |4bit_mux5:inst4|        ; 9 (0)             ; 0 (0)        ; 0           ; 0            ; 0       ; 0         ; 0    ; 0            ; |proj_final|ula:inst5|4bit_mux5:inst4                                                 ; work         ;
;          |4bit_mux:inst2|      ; 2 (2)             ; 0 (0)        ; 0           ; 0            ; 0       ; 0         ; 0    ; 0            ; |proj_final|ula:inst5|4bit_mux5:inst4|4bit_mux:inst2                                  ; work         ;
;          |4bit_mux:inst3|      ; 2 (2)             ; 0 (0)        ; 0           ; 0            ; 0       ; 0         ; 0    ; 0            ; |proj_final|ula:inst5|4bit_mux5:inst4|4bit_mux:inst3                                  ; work         ;
;          |4bit_mux:inst4|      ; 2 (2)             ; 0 (0)        ; 0           ; 0            ; 0       ; 0         ; 0    ; 0            ; |proj_final|ula:inst5|4bit_mux5:inst4|4bit_mux:inst4                                  ; work         ;
;          |4bit_mux:inst5|      ; 2 (2)             ; 0 (0)        ; 0           ; 0            ; 0       ; 0         ; 0    ; 0            ; |proj_final|ula:inst5|4bit_mux5:inst4|4bit_mux:inst5                                  ; work         ;
;          |4bit_mux:inst|       ; 1 (1)             ; 0 (0)        ; 0           ; 0            ; 0       ; 0         ; 0    ; 0            ; |proj_final|ula:inst5|4bit_mux5:inst4|4bit_mux:inst                                   ; work         ;
;       |4bit_mux5:inst6|        ; 14 (0)            ; 0 (0)        ; 0           ; 0            ; 0       ; 0         ; 0    ; 0            ; |proj_final|ula:inst5|4bit_mux5:inst6                                                 ; work         ;
;          |4bit_mux:inst2|      ; 4 (4)             ; 0 (0)        ; 0           ; 0            ; 0       ; 0         ; 0    ; 0            ; |proj_final|ula:inst5|4bit_mux5:inst6|4bit_mux:inst2                                  ; work         ;
;          |4bit_mux:inst3|      ; 3 (3)             ; 0 (0)        ; 0           ; 0            ; 0       ; 0         ; 0    ; 0            ; |proj_final|ula:inst5|4bit_mux5:inst6|4bit_mux:inst3                                  ; work         ;
;          |4bit_mux:inst4|      ; 4 (4)             ; 0 (0)        ; 0           ; 0            ; 0       ; 0         ; 0    ; 0            ; |proj_final|ula:inst5|4bit_mux5:inst6|4bit_mux:inst4                                  ; work         ;
;          |4bit_mux:inst5|      ; 3 (3)             ; 0 (0)        ; 0           ; 0            ; 0       ; 0         ; 0    ; 0            ; |proj_final|ula:inst5|4bit_mux5:inst6|4bit_mux:inst5                                  ; work         ;
;       |5bit_divider:inst9|     ; 22 (0)            ; 0 (0)        ; 0           ; 0            ; 0       ; 0         ; 0    ; 0            ; |proj_final|ula:inst5|5bit_divider:inst9                                              ; work         ;
;          |2complement:inst7|   ; 4 (0)             ; 0 (0)        ; 0           ; 0            ; 0       ; 0         ; 0    ; 0            ; |proj_final|ula:inst5|5bit_divider:inst9|2complement:inst7                            ; work         ;
;             |2bit_mux4:inst9|  ; 3 (3)             ; 0 (0)        ; 0           ; 0            ; 0       ; 0         ; 0    ; 0            ; |proj_final|ula:inst5|5bit_divider:inst9|2complement:inst7|2bit_mux4:inst9            ; work         ;
;             |adder:inst1|      ; 1 (0)             ; 0 (0)        ; 0           ; 0            ; 0       ; 0         ; 0    ; 0            ; |proj_final|ula:inst5|5bit_divider:inst9|2complement:inst7|adder:inst1                ; work         ;
;                |somador:inst1| ; 1 (1)             ; 0 (0)        ; 0           ; 0            ; 0       ; 0         ; 0    ; 0            ; |proj_final|ula:inst5|5bit_divider:inst9|2complement:inst7|adder:inst1|somador:inst1  ; work         ;
;          |4bit_div:inst6|      ; 18 (0)            ; 0 (0)        ; 0           ; 0            ; 0       ; 0         ; 0    ; 0            ; |proj_final|ula:inst5|5bit_divider:inst9|4bit_div:inst6                               ; work         ;
;             |1bit_div:inst39|  ; 1 (0)             ; 0 (0)        ; 0           ; 0            ; 0       ; 0         ; 0    ; 0            ; |proj_final|ula:inst5|5bit_divider:inst9|4bit_div:inst6|1bit_div:inst39               ; work         ;
;                |1bit_sub:inst| ; 1 (1)             ; 0 (0)        ; 0           ; 0            ; 0       ; 0         ; 0    ; 0            ; |proj_final|ula:inst5|5bit_divider:inst9|4bit_div:inst6|1bit_div:inst39|1bit_sub:inst ; work         ;
;             |1bit_div:inst40|  ; 3 (0)             ; 0 (0)        ; 0           ; 0            ; 0       ; 0         ; 0    ; 0            ; |proj_final|ula:inst5|5bit_divider:inst9|4bit_div:inst6|1bit_div:inst40               ; work         ;
;                |1bit_sub:inst| ; 3 (3)             ; 0 (0)        ; 0           ; 0            ; 0       ; 0         ; 0    ; 0            ; |proj_final|ula:inst5|5bit_divider:inst9|4bit_div:inst6|1bit_div:inst40|1bit_sub:inst ; work         ;
;             |1bit_div:inst46|  ; 2 (2)             ; 0 (0)        ; 0           ; 0            ; 0       ; 0         ; 0    ; 0            ; |proj_final|ula:inst5|5bit_divider:inst9|4bit_div:inst6|1bit_div:inst46               ; work         ;
;             |1bit_div:inst47|  ; 1 (1)             ; 0 (0)        ; 0           ; 0            ; 0       ; 0         ; 0    ; 0            ; |proj_final|ula:inst5|5bit_divider:inst9|4bit_div:inst6|1bit_div:inst47               ; work         ;
;             |1bit_div:inst48|  ; 2 (0)             ; 0 (0)        ; 0           ; 0            ; 0       ; 0         ; 0    ; 0            ; |proj_final|ula:inst5|5bit_divider:inst9|4bit_div:inst6|1bit_div:inst48               ; work         ;
;                |1bit_sub:inst| ; 2 (2)             ; 0 (0)        ; 0           ; 0            ; 0       ; 0         ; 0    ; 0            ; |proj_final|ula:inst5|5bit_divider:inst9|4bit_div:inst6|1bit_div:inst48|1bit_sub:inst ; work         ;
;             |1bit_div:inst50|  ; 1 (1)             ; 0 (0)        ; 0           ; 0            ; 0       ; 0         ; 0    ; 0            ; |proj_final|ula:inst5|5bit_divider:inst9|4bit_div:inst6|1bit_div:inst50               ; work         ;
;             |1bit_div:inst51|  ; 2 (1)             ; 0 (0)        ; 0           ; 0            ; 0       ; 0         ; 0    ; 0            ; |proj_final|ula:inst5|5bit_divider:inst9|4bit_div:inst6|1bit_div:inst51               ; work         ;
;                |1bit_sub:inst| ; 1 (1)             ; 0 (0)        ; 0           ; 0            ; 0       ; 0         ; 0    ; 0            ; |proj_final|ula:inst5|5bit_divider:inst9|4bit_div:inst6|1bit_div:inst51|1bit_sub:inst ; work         ;
;             |1bit_div:inst52|  ; 2 (1)             ; 0 (0)        ; 0           ; 0            ; 0       ; 0         ; 0    ; 0            ; |proj_final|ula:inst5|5bit_divider:inst9|4bit_div:inst6|1bit_div:inst52               ; work         ;
;                |1bit_sub:inst| ; 1 (1)             ; 0 (0)        ; 0           ; 0            ; 0       ; 0         ; 0    ; 0            ; |proj_final|ula:inst5|5bit_divider:inst9|4bit_div:inst6|1bit_div:inst52|1bit_sub:inst ; work         ;
;             |1bit_div:inst54|  ; 1 (0)             ; 0 (0)        ; 0           ; 0            ; 0       ; 0         ; 0    ; 0            ; |proj_final|ula:inst5|5bit_divider:inst9|4bit_div:inst6|1bit_div:inst54               ; work         ;
;                |1bit_sub:inst| ; 1 (1)             ; 0 (0)        ; 0           ; 0            ; 0       ; 0         ; 0    ; 0            ; |proj_final|ula:inst5|5bit_divider:inst9|4bit_div:inst6|1bit_div:inst54|1bit_sub:inst ; work         ;
;             |1bit_div:inst55|  ; 1 (0)             ; 0 (0)        ; 0           ; 0            ; 0       ; 0         ; 0    ; 0            ; |proj_final|ula:inst5|5bit_divider:inst9|4bit_div:inst6|1bit_div:inst55               ; work         ;
;                |1bit_sub:inst| ; 1 (1)             ; 0 (0)        ; 0           ; 0            ; 0       ; 0         ; 0    ; 0            ; |proj_final|ula:inst5|5bit_divider:inst9|4bit_div:inst6|1bit_div:inst55|1bit_sub:inst ; work         ;
;             |1bit_div:inst56|  ; 1 (0)             ; 0 (0)        ; 0           ; 0            ; 0       ; 0         ; 0    ; 0            ; |proj_final|ula:inst5|5bit_divider:inst9|4bit_div:inst6|1bit_div:inst56               ; work         ;
;                |1bit_sub:inst| ; 1 (1)             ; 0 (0)        ; 0           ; 0            ; 0       ; 0         ; 0    ; 0            ; |proj_final|ula:inst5|5bit_divider:inst9|4bit_div:inst6|1bit_div:inst56|1bit_sub:inst ; work         ;
;             |1bit_div:inst57|  ; 1 (0)             ; 0 (0)        ; 0           ; 0            ; 0       ; 0         ; 0    ; 0            ; |proj_final|ula:inst5|5bit_divider:inst9|4bit_div:inst6|1bit_div:inst57               ; work         ;
;                |1bit_sub:inst| ; 1 (1)             ; 0 (0)        ; 0           ; 0            ; 0       ; 0         ; 0    ; 0            ; |proj_final|ula:inst5|5bit_divider:inst9|4bit_div:inst6|1bit_div:inst57|1bit_sub:inst ; work         ;
;       |5bit_mut:inst2|         ; 31 (0)            ; 0 (0)        ; 0           ; 0            ; 0       ; 0         ; 0    ; 0            ; |proj_final|ula:inst5|5bit_mut:inst2                                                  ; work         ;
;          |2complement:inst7|   ; 4 (0)             ; 0 (0)        ; 0           ; 0            ; 0       ; 0         ; 0    ; 0            ; |proj_final|ula:inst5|5bit_mut:inst2|2complement:inst7                                ; work         ;
;             |2bit_mux4:inst9|  ; 3 (3)             ; 0 (0)        ; 0           ; 0            ; 0       ; 0         ; 0    ; 0            ; |proj_final|ula:inst5|5bit_mut:inst2|2complement:inst7|2bit_mux4:inst9                ; work         ;
;             |adder:inst1|      ; 1 (0)             ; 0 (0)        ; 0           ; 0            ; 0       ; 0         ; 0    ; 0            ; |proj_final|ula:inst5|5bit_mut:inst2|2complement:inst7|adder:inst1                    ; work         ;
;                |somador:inst|  ; 1 (1)             ; 0 (0)        ; 0           ; 0            ; 0       ; 0         ; 0    ; 0            ; |proj_final|ula:inst5|5bit_mut:inst2|2complement:inst7|adder:inst1|somador:inst       ; work         ;
;          |4bit_mult:inst|      ; 27 (0)            ; 0 (0)        ; 0           ; 0            ; 0       ; 0         ; 0    ; 0            ; |proj_final|ula:inst5|5bit_mut:inst2|4bit_mult:inst                                   ; work         ;
;             |unit_mult:inst11| ; 2 (0)             ; 0 (0)        ; 0           ; 0            ; 0       ; 0         ; 0    ; 0            ; |proj_final|ula:inst5|5bit_mut:inst2|4bit_mult:inst|unit_mult:inst11                  ; work         ;
;                |full_add:inst| ; 2 (2)             ; 0 (0)        ; 0           ; 0            ; 0       ; 0         ; 0    ; 0            ; |proj_final|ula:inst5|5bit_mut:inst2|4bit_mult:inst|unit_mult:inst11|full_add:inst    ; work         ;
;             |unit_mult:inst12| ; 2 (0)             ; 0 (0)        ; 0           ; 0            ; 0       ; 0         ; 0    ; 0            ; |proj_final|ula:inst5|5bit_mut:inst2|4bit_mult:inst|unit_mult:inst12                  ; work         ;
;                |full_add:inst| ; 2 (2)             ; 0 (0)        ; 0           ; 0            ; 0       ; 0         ; 0    ; 0            ; |proj_final|ula:inst5|5bit_mut:inst2|4bit_mult:inst|unit_mult:inst12|full_add:inst    ; work         ;
;             |unit_mult:inst13| ; 2 (0)             ; 0 (0)        ; 0           ; 0            ; 0       ; 0         ; 0    ; 0            ; |proj_final|ula:inst5|5bit_mut:inst2|4bit_mult:inst|unit_mult:inst13                  ; work         ;
;                |full_add:inst| ; 2 (2)             ; 0 (0)        ; 0           ; 0            ; 0       ; 0         ; 0    ; 0            ; |proj_final|ula:inst5|5bit_mut:inst2|4bit_mult:inst|unit_mult:inst13|full_add:inst    ; work         ;
;             |unit_mult:inst14| ; 2 (0)             ; 0 (0)        ; 0           ; 0            ; 0       ; 0         ; 0    ; 0            ; |proj_final|ula:inst5|5bit_mut:inst2|4bit_mult:inst|unit_mult:inst14                  ; work         ;
;                |full_add:inst| ; 2 (2)             ; 0 (0)        ; 0           ; 0            ; 0       ; 0         ; 0    ; 0            ; |proj_final|ula:inst5|5bit_mut:inst2|4bit_mult:inst|unit_mult:inst14|full_add:inst    ; work         ;
;             |unit_mult:inst16| ; 2 (0)             ; 0 (0)        ; 0           ; 0            ; 0       ; 0         ; 0    ; 0            ; |proj_final|ula:inst5|5bit_mut:inst2|4bit_mult:inst|unit_mult:inst16                  ; work         ;
;                |full_add:inst| ; 2 (2)             ; 0 (0)        ; 0           ; 0            ; 0       ; 0         ; 0    ; 0            ; |proj_final|ula:inst5|5bit_mut:inst2|4bit_mult:inst|unit_mult:inst16|full_add:inst    ; work         ;
;             |unit_mult:inst17| ; 2 (0)             ; 0 (0)        ; 0           ; 0            ; 0       ; 0         ; 0    ; 0            ; |proj_final|ula:inst5|5bit_mut:inst2|4bit_mult:inst|unit_mult:inst17                  ; work         ;
;                |full_add:inst| ; 2 (2)             ; 0 (0)        ; 0           ; 0            ; 0       ; 0         ; 0    ; 0            ; |proj_final|ula:inst5|5bit_mut:inst2|4bit_mult:inst|unit_mult:inst17|full_add:inst    ; work         ;
;             |unit_mult:inst18| ; 2 (0)             ; 0 (0)        ; 0           ; 0            ; 0       ; 0         ; 0    ; 0            ; |proj_final|ula:inst5|5bit_mut:inst2|4bit_mult:inst|unit_mult:inst18                  ; work         ;
;                |full_add:inst| ; 2 (2)             ; 0 (0)        ; 0           ; 0            ; 0       ; 0         ; 0    ; 0            ; |proj_final|ula:inst5|5bit_mut:inst2|4bit_mult:inst|unit_mult:inst18|full_add:inst    ; work         ;
;             |unit_mult:inst1|  ; 1 (1)             ; 0 (0)        ; 0           ; 0            ; 0       ; 0         ; 0    ; 0            ; |proj_final|ula:inst5|5bit_mut:inst2|4bit_mult:inst|unit_mult:inst1                   ; work         ;
;             |unit_mult:inst20| ; 2 (0)             ; 0 (0)        ; 0           ; 0            ; 0       ; 0         ; 0    ; 0            ; |proj_final|ula:inst5|5bit_mut:inst2|4bit_mult:inst|unit_mult:inst20                  ; work         ;
;                |full_add:inst| ; 2 (2)             ; 0 (0)        ; 0           ; 0            ; 0       ; 0         ; 0    ; 0            ; |proj_final|ula:inst5|5bit_mut:inst2|4bit_mult:inst|unit_mult:inst20|full_add:inst    ; work         ;
;             |unit_mult:inst21| ; 2 (0)             ; 0 (0)        ; 0           ; 0            ; 0       ; 0         ; 0    ; 0            ; |proj_final|ula:inst5|5bit_mut:inst2|4bit_mult:inst|unit_mult:inst21                  ; work         ;
;                |full_add:inst| ; 2 (2)             ; 0 (0)        ; 0           ; 0            ; 0       ; 0         ; 0    ; 0            ; |proj_final|ula:inst5|5bit_mut:inst2|4bit_mult:inst|unit_mult:inst21|full_add:inst    ; work         ;
;             |unit_mult:inst22| ; 2 (0)             ; 0 (0)        ; 0           ; 0            ; 0       ; 0         ; 0    ; 0            ; |proj_final|ula:inst5|5bit_mut:inst2|4bit_mult:inst|unit_mult:inst22                  ; work         ;
;                |full_add:inst| ; 2 (2)             ; 0 (0)        ; 0           ; 0            ; 0       ; 0         ; 0    ; 0            ; |proj_final|ula:inst5|5bit_mut:inst2|4bit_mult:inst|unit_mult:inst22|full_add:inst    ; work         ;
;             |unit_mult:inst2|  ; 2 (0)             ; 0 (0)        ; 0           ; 0            ; 0       ; 0         ; 0    ; 0            ; |proj_final|ula:inst5|5bit_mut:inst2|4bit_mult:inst|unit_mult:inst2                   ; work         ;
;                |full_add:inst| ; 2 (2)             ; 0 (0)        ; 0           ; 0            ; 0       ; 0         ; 0    ; 0            ; |proj_final|ula:inst5|5bit_mut:inst2|4bit_mult:inst|unit_mult:inst2|full_add:inst     ; work         ;
;             |unit_mult:inst3|  ; 1 (1)             ; 0 (0)        ; 0           ; 0            ; 0       ; 0         ; 0    ; 0            ; |proj_final|ula:inst5|5bit_mut:inst2|4bit_mult:inst|unit_mult:inst3                   ; work         ;
;             |unit_mult:inst4|  ; 1 (1)             ; 0 (0)        ; 0           ; 0            ; 0       ; 0         ; 0    ; 0            ; |proj_final|ula:inst5|5bit_mut:inst2|4bit_mult:inst|unit_mult:inst4                   ; work         ;
;             |unit_mult:inst9|  ; 2 (0)             ; 0 (0)        ; 0           ; 0            ; 0       ; 0         ; 0    ; 0            ; |proj_final|ula:inst5|5bit_mut:inst2|4bit_mult:inst|unit_mult:inst9                   ; work         ;
;                |full_add:inst| ; 2 (2)             ; 0 (0)        ; 0           ; 0            ; 0       ; 0         ; 0    ; 0            ; |proj_final|ula:inst5|5bit_mut:inst2|4bit_mult:inst|unit_mult:inst9|full_add:inst     ; work         ;
;       |8bit_sqrt:inst7|        ; 14 (0)            ; 0 (0)        ; 0           ; 0            ; 0       ; 0         ; 0    ; 0            ; |proj_final|ula:inst5|8bit_sqrt:inst7                                                 ; work         ;
;          |1bit_div:inst10|     ; 2 (0)             ; 0 (0)        ; 0           ; 0            ; 0       ; 0         ; 0    ; 0            ; |proj_final|ula:inst5|8bit_sqrt:inst7|1bit_div:inst10                                 ; work         ;
;             |1bit_sub:inst|    ; 2 (2)             ; 0 (0)        ; 0           ; 0            ; 0       ; 0         ; 0    ; 0            ; |proj_final|ula:inst5|8bit_sqrt:inst7|1bit_div:inst10|1bit_sub:inst                   ; work         ;
;          |1bit_div:inst12|     ; 3 (1)             ; 0 (0)        ; 0           ; 0            ; 0       ; 0         ; 0    ; 0            ; |proj_final|ula:inst5|8bit_sqrt:inst7|1bit_div:inst12                                 ; work         ;
;             |1bit_sub:inst|    ; 2 (2)             ; 0 (0)        ; 0           ; 0            ; 0       ; 0         ; 0    ; 0            ; |proj_final|ula:inst5|8bit_sqrt:inst7|1bit_div:inst12|1bit_sub:inst                   ; work         ;
;          |1bit_div:inst13|     ; 1 (1)             ; 0 (0)        ; 0           ; 0            ; 0       ; 0         ; 0    ; 0            ; |proj_final|ula:inst5|8bit_sqrt:inst7|1bit_div:inst13                                 ; work         ;
;          |1bit_div:inst17|     ; 3 (0)             ; 0 (0)        ; 0           ; 0            ; 0       ; 0         ; 0    ; 0            ; |proj_final|ula:inst5|8bit_sqrt:inst7|1bit_div:inst17                                 ; work         ;
;             |1bit_sub:inst|    ; 3 (3)             ; 0 (0)        ; 0           ; 0            ; 0       ; 0         ; 0    ; 0            ; |proj_final|ula:inst5|8bit_sqrt:inst7|1bit_div:inst17|1bit_sub:inst                   ; work         ;
;          |1bit_div:inst1|      ; 1 (0)             ; 0 (0)        ; 0           ; 0            ; 0       ; 0         ; 0    ; 0            ; |proj_final|ula:inst5|8bit_sqrt:inst7|1bit_div:inst1                                  ; work         ;
;             |1bit_sub:inst|    ; 1 (1)             ; 0 (0)        ; 0           ; 0            ; 0       ; 0         ; 0    ; 0            ; |proj_final|ula:inst5|8bit_sqrt:inst7|1bit_div:inst1|1bit_sub:inst                    ; work         ;
;          |1bit_div:inst20|     ; 2 (1)             ; 0 (0)        ; 0           ; 0            ; 0       ; 0         ; 0    ; 0            ; |proj_final|ula:inst5|8bit_sqrt:inst7|1bit_div:inst20                                 ; work         ;
;             |1bit_sub:inst|    ; 1 (1)             ; 0 (0)        ; 0           ; 0            ; 0       ; 0         ; 0    ; 0            ; |proj_final|ula:inst5|8bit_sqrt:inst7|1bit_div:inst20|1bit_sub:inst                   ; work         ;
;          |1bit_div:inst6|      ; 1 (1)             ; 0 (0)        ; 0           ; 0            ; 0       ; 0         ; 0    ; 0            ; |proj_final|ula:inst5|8bit_sqrt:inst7|1bit_div:inst6                                  ; work         ;
;          |1bit_div:inst8|      ; 1 (0)             ; 0 (0)        ; 0           ; 0            ; 0       ; 0         ; 0    ; 0            ; |proj_final|ula:inst5|8bit_sqrt:inst7|1bit_div:inst8                                  ; work         ;
;             |1bit_sub:inst|    ; 1 (1)             ; 0 (0)        ; 0           ; 0            ; 0       ; 0         ; 0    ; 0            ; |proj_final|ula:inst5|8bit_sqrt:inst7|1bit_div:inst8|1bit_sub:inst                    ; work         ;
;       |adder:inst|             ; 12 (3)            ; 0 (0)        ; 0           ; 0            ; 0       ; 0         ; 0    ; 0            ; |proj_final|ula:inst5|adder:inst                                                      ; work         ;
;          |somador:inst1|       ; 2 (2)             ; 0 (0)        ; 0           ; 0            ; 0       ; 0         ; 0    ; 0            ; |proj_final|ula:inst5|adder:inst|somador:inst1                                        ; work         ;
;          |somador:inst2|       ; 2 (2)             ; 0 (0)        ; 0           ; 0            ; 0       ; 0         ; 0    ; 0            ; |proj_final|ula:inst5|adder:inst|somador:inst2                                        ; work         ;
;          |somador:inst3|       ; 1 (1)             ; 0 (0)        ; 0           ; 0            ; 0       ; 0         ; 0    ; 0            ; |proj_final|ula:inst5|adder:inst|somador:inst3                                        ; work         ;
;          |somador:inst4|       ; 2 (2)             ; 0 (0)        ; 0           ; 0            ; 0       ; 0         ; 0    ; 0            ; |proj_final|ula:inst5|adder:inst|somador:inst4                                        ; work         ;
;          |somador:inst|        ; 2 (2)             ; 0 (0)        ; 0           ; 0            ; 0       ; 0         ; 0    ; 0            ; |proj_final|ula:inst5|adder:inst|somador:inst                                         ; work         ;
+--------------------------------+-------------------+--------------+-------------+--------------+---------+-----------+------+--------------+---------------------------------------------------------------------------------------+--------------+
Note: For table entries with two numbers listed, the numbers in parentheses indicate the number of resources of the given type used by the specific entity alone. The numbers listed outside of parentheses indicate the total resources of the given type used by the specific entity and all of its sub-entities in the hierarchy.


+------------------------------------------------------+
; General Register Statistics                          ;
+----------------------------------------------+-------+
; Statistic                                    ; Value ;
+----------------------------------------------+-------+
; Total registers                              ; 0     ;
; Number of registers using Synchronous Clear  ; 0     ;
; Number of registers using Synchronous Load   ; 0     ;
; Number of registers using Asynchronous Clear ; 0     ;
; Number of registers using Asynchronous Load  ; 0     ;
; Number of registers using Clock Enable       ; 0     ;
; Number of registers using Preset             ; 0     ;
+----------------------------------------------+-------+


+-----------------------------------------------------+
; Post-Synthesis Netlist Statistics for Top Partition ;
+-----------------------+-----------------------------+
; Type                  ; Count                       ;
+-----------------------+-----------------------------+
; boundary_port         ; 45                          ;
; cycloneiii_lcell_comb ; 176                         ;
;     normal            ; 176                         ;
;         0 data inputs ; 1                           ;
;         1 data inputs ; 31                          ;
;         2 data inputs ; 15                          ;
;         3 data inputs ; 18                          ;
;         4 data inputs ; 111                         ;
;                       ;                             ;
; Max LUT depth         ; 15.00                       ;
; Average LUT depth     ; 10.43                       ;
+-----------------------+-----------------------------+


+-------------------------------+
; Elapsed Time Per Partition    ;
+----------------+--------------+
; Partition Name ; Elapsed Time ;
+----------------+--------------+
; Top            ; 00:00:02     ;
+----------------+--------------+


+-------------------------------+
; Analysis & Synthesis Messages ;
+-------------------------------+
Info: *******************************************************************
Info: Running Quartus II 64-Bit Analysis & Synthesis
    Info: Version 14.1.0 Build 186 12/03/2014 SJ Web Edition
    Info: Processing started: Tue Jun 26 14:32:13 2018
Info: Command: quartus_map --read_settings_files=on --write_settings_files=off proj_final -c proj_final
Info (11104): Parallel Compilation has detected 8 hyper-threaded processors. However, the extra hyper-threaded processors will not be used by default. Parallel Compilation will use 4 of the 4 physical processors detected instead.
Info (12021): Found 1 design units, including 1 entities, in source file 4bit_mult.bdf
    Info (12023): Found entity 1: 4bit_mult
Info (12021): Found 1 design units, including 1 entities, in source file 8bit_sqrt.bdf
    Info (12023): Found entity 1: 8bit_sqrt
Info (12021): Found 1 design units, including 1 entities, in source file 1bit_div.bdf
    Info (12023): Found entity 1: 1bit_div
Info (12021): Found 1 design units, including 1 entities, in source file 4bit_div.bdf
    Info (12023): Found entity 1: 4bit_div
Info (12021): Found 1 design units, including 1 entities, in source file 5bit_divider.bdf
    Info (12023): Found entity 1: 5bit_divider
Info (12021): Found 1 design units, including 1 entities, in source file 4bit_mux5.bdf
    Info (12023): Found entity 1: 4bit_mux5
Info (12021): Found 1 design units, including 1 entities, in source file 4bit_mux.bdf
    Info (12023): Found entity 1: 4bit_mux
Info (12021): Found 1 design units, including 1 entities, in source file 2bit_mux4.bdf
    Info (12023): Found entity 1: 2bit_mux4
Info (12021): Found 1 design units, including 1 entities, in source file not5.bdf
    Info (12023): Found entity 1: not5
Info (12021): Found 1 design units, including 1 entities, in source file 4bits_to_7seg_low.bdf
    Info (12023): Found entity 1: 4bits_to_7seg_low
Info (12021): Found 1 design units, including 1 entities, in source file proj_final.bdf
    Info (12023): Found entity 1: proj_final
Info (12021): Found 1 design units, including 1 entities, in source file ula.bdf
    Info (12023): Found entity 1: ula
Info (12021): Found 1 design units, including 1 entities, in source file 2complement.bdf
    Info (12023): Found entity 1: 2complement
Info (12021): Found 1 design units, including 1 entities, in source file 5bit_mut.bdf
    Info (12023): Found entity 1: 5bit_mut
Info (12127): Elaborating entity "proj_final" for the top level hierarchy
Info (12128): Elaborating entity "4bits_to_7seg_low" for hierarchy "4bits_to_7seg_low:inst10"
Info (12128): Elaborating entity "2complement" for hierarchy "2complement:inst8"
Info (12128): Elaborating entity "2bit_mux4" for hierarchy "2complement:inst8|2bit_mux4:inst9"
Warning (12125): Using design file adder.bdf, which is not specified as a design file for the current project, but contains definitions for 1 design units and 1 entities in project
    Info (12023): Found entity 1: adder
Info (12128): Elaborating entity "adder" for hierarchy "2complement:inst8|adder:inst1"
Warning (12125): Using design file somador.bdf, which is not specified as a design file for the current project, but contains definitions for 1 design units and 1 entities in project
    Info (12023): Found entity 1: somador
Info (12128): Elaborating entity "somador" for hierarchy "2complement:inst8|adder:inst1|somador:inst4"
Info (12128): Elaborating entity "not5" for hierarchy "2complement:inst8|not5:inst"
Info (12128): Elaborating entity "ula" for hierarchy "ula:inst5"
Info (12128): Elaborating entity "4bit_mux5" for hierarchy "ula:inst5|4bit_mux5:inst4"
Info (12128): Elaborating entity "4bit_mux" for hierarchy "ula:inst5|4bit_mux5:inst4|4bit_mux:inst5"
Info (12128): Elaborating entity "5bit_mut" for hierarchy "ula:inst5|5bit_mut:inst2"
Info (12128): Elaborating entity "4bit_mult" for hierarchy "ula:inst5|5bit_mut:inst2|4bit_mult:inst"
Warning (12125): Using design file unit_mult.bdf, which is not specified as a design file for the current project, but contains definitions for 1 design units and 1 entities in project
    Info (12023): Found entity 1: unit_mult
Info (12128): Elaborating entity "unit_mult" for hierarchy "ula:inst5|5bit_mut:inst2|4bit_mult:inst|unit_mult:inst2"
Warning (12125): Using design file full_add.bdf, which is not specified as a design file for the current project, but contains definitions for 1 design units and 1 entities in project
    Info (12023): Found entity 1: full_add
Info (12128): Elaborating entity "full_add" for hierarchy "ula:inst5|5bit_mut:inst2|4bit_mult:inst|unit_mult:inst2|full_add:inst"
Info (12128): Elaborating entity "5bit_divider" for hierarchy "ula:inst5|5bit_divider:inst9"
Info (12128): Elaborating entity "4bit_div" for hierarchy "ula:inst5|5bit_divider:inst9|4bit_div:inst6"
Info (12128): Elaborating entity "1bit_div" for hierarchy "ula:inst5|5bit_divider:inst9|4bit_div:inst6|1bit_div:inst53"
Warning (12125): Using design file 1bit_sub.bdf, which is not specified as a design file for the current project, but contains definitions for 1 design units and 1 entities in project
    Info (12023): Found entity 1: 1bit_sub
Info (12128): Elaborating entity "1bit_sub" for hierarchy "ula:inst5|5bit_divider:inst9|4bit_div:inst6|1bit_div:inst53|1bit_sub:inst"
Info (12128): Elaborating entity "8bit_sqrt" for hierarchy "ula:inst5|8bit_sqrt:inst7"
Warning (13024): Output pins are stuck at VCC or GND
    Warning (13410): Pin "HEX1[6]" is stuck at VCC
Info (286030): Timing-Driven Synthesis is running
Info (16010): Generating hard_block partition "hard_block:auto_generated_inst"
    Info (16011): Adding 0 node(s), including 0 DDIO, 0 PLL, 0 transceiver and 0 LCELL
Info (21057): Implemented 189 device resources after synthesis - the final resource count might be different
    Info (21058): Implemented 13 input pins
    Info (21059): Implemented 32 output pins
    Info (21061): Implemented 144 logic cells
Info: Quartus II 64-Bit Analysis & Synthesis was successful. 0 errors, 7 warnings
    Info: Peak virtual memory: 4805 megabytes
    Info: Processing ended: Tue Jun 26 14:32:26 2018
    Info: Elapsed time: 00:00:13
    Info: Total CPU time (on all processors): 00:00:28


